<?xml version="1.0" encoding="UTF-8"?>
<testng-results ignored="0" total="1" passed="1" failed="0" skipped="0">
  <reporter-output>
    <line>
      <![CDATA[Stock-000003832         Stock-000003832]]>
    </line>
  </reporter-output>
  <suite started-at="2024-12-06T11:20:04 IST" name="Surefire suite" finished-at="2024-12-06T11:21:18 IST" duration-ms="74238">
    <groups>
    </groups>
    <test started-at="2024-12-06T11:20:04 IST" name="Surefire test" finished-at="2024-12-06T11:21:18 IST" duration-ms="74238">
      <class name="driverFactory.AppTest">
        <test-method signature="startTest()[pri:0, instance:driverFactory.AppTest@233fe9b6]" started-at="2024-12-06T11:20:04 IST" name="startTest" finished-at="2024-12-06T11:21:18 IST" duration-ms="74161" status="PASS">
          <reporter-output>
            <line>
              <![CDATA[Stock-000003832         Stock-000003832]]>
            </line>
          </reporter-output>
        </test-method> <!-- startTest -->
      </class> <!-- driverFactory.AppTest -->
    </test> <!-- Surefire test -->
  </suite> <!-- Surefire suite -->
</testng-results>
